<?xml version="1.0" encoding="UTF-8"?>
<!-- Generated by org.testng.reporters.JUnitReportReporter -->
<testsuite hostname="DESKTOP-TQITTE4" failures="0" tests="1" name="demo.Pjt1Test" time="0.009" errors="0" timestamp="2023-08-06T16:50:30 IST" skipped="0">
  <testcase classname="demo.Pjt1Test" name="m1Test" time="0.009"/>
  <system-out/>
</testsuite> <!-- demo.Pjt1Test -->
